<?xml version="1.0" encoding="UTF-8"?>
<!-- Generated by org.testng.reporters.JUnitXMLReporter -->
<testsuite ignored="0" hostname="LTIN215617" failures="0" tests="25" name="Chrome Test" time="108.002" errors="0" timestamp="2024-03-04T10:41:03 IST">
  <testcase classname="testCases.TC001_BikesDetails" name="user_navigates_to_zigwheels_page" time="0.246"/>
  <testcase classname="testCases.TC001_BikesDetails" name="user_move_cursor_to_new_bikes" time="0.825"/>
  <testcase classname="testCases.TC001_BikesDetails" name="user_click_the_upcoming_bike_option" time="1.797"/>
  <testcase classname="testCases.TC001_BikesDetails" name="user_should_able_to_view_upcoming_bikes_in_india" time="1.272"/>
  <testcase classname="testCases.TC001_BikesDetails" name="user_scroll_to_upcoming_bikes_by_brand" time="0.15"/>
  <testcase classname="testCases.TC001_BikesDetails" name="user_click_to_honda_manufacturer" time="1.408"/>
  <testcase classname="testCases.TC001_BikesDetails" name="user_should_able_to_view_honda_upcoming_bikes_in_india" time="0.116"/>
  <testcase classname="testCases.TC001_BikesDetails" name="user_scroll_to_view_more_bikes" time="0.187"/>
  <testcase classname="testCases.TC001_BikesDetails" name="user_display_the_bike_details_where_price_less_than_four_lakh" time="12.011"/>
  <testcase classname="testCases.TC001_BikesDetails" name="user_scroll_back_to_honda_upcoming_bikes_in_india" time="4.071"/>
  <testcase classname="testCases.TC002_UsedCars" name="user_navigates_to_zigwheels_page" time="0.078"/>
  <testcase classname="testCases.TC002_UsedCars" name="user_move_cursor_to_used_cars" time="0.45"/>
  <testcase classname="testCases.TC002_UsedCars" name="user_click_to_chennai" time="5.054"/>
  <testcase classname="testCases.TC002_UsedCars" name="user_should_able_to_view_uesd_cars_in_chennai" time="0.063"/>
  <testcase classname="testCases.TC002_UsedCars" name="user_scroll_to_popular_models" time="0.087"/>
  <testcase classname="testCases.TC002_UsedCars" name="user_extract_all_the_popular_models" time="0.293"/>
  <testcase classname="testCases.TC002_UsedCars" name="user_display_all_popular_models" time="1.166"/>
  <testcase classname="testCases.TC002_UsedCars" name="user_click_on_the_zigwheels_to_navigate_homepage" time="2.091"/>
  <testcase classname="testCases.TC003_loginValidation" name="user_navigates_to_zigwheels_page" time="0.173"/>
  <testcase classname="testCases.TC003_loginValidation" name="user_click_on_login_signup_button" time="0.832"/>
  <testcase classname="testCases.TC003_loginValidation" name="user_should_able_to_view_login_register_to_zig_wheels_page" time="0.225"/>
  <testcase classname="testCases.TC003_loginValidation" name="user_click_on_google_button" time="0.46"/>
  <testcase classname="testCases.TC003_loginValidation" name="user_should_switch_to_new_sign_in_window" time="2.442"/>
  <testcase classname="testCases.TC003_loginValidation" name="user_fill_invalid_account_details" time="17.031"/>
  <testcase classname="testCases.TC003_loginValidation" name="user_should_able_to_capture_error_masseage" time="0.024"/>
</testsuite> <!-- Chrome Test -->
